[1028/163720:ERROR:process_info.cc(608)] range at 0x7f633f2400000000, size 0x1c0 fully unreadable
[1028/163720:ERROR:process_info.cc(608)] range at 0x7f633f8800000000, size 0x1c0 fully unreadable
[1028/163720:ERROR:process_info.cc(608)] range at 0x0, size 0x1c0 fully unreadable
[1028/163720:WARNING:in_range_cast.h(38)] value 1926282548196 out of range
[1028/163720:WARNING:in_range_cast.h(38)] value 1926282549768 out of range
[1028/163720:WARNING:in_range_cast.h(38)] value 1926282550108 out of range
[1028/163720:WARNING:in_range_cast.h(38)] value 1926282546718 out of range
[1028/163720:WARNING:in_range_cast.h(38)] value 1926282546938 out of range
[1028/163720:ERROR:process_info.cc(608)] range at 0x9f473f2a00000000, size 0x2a1 fully unreadable
[1028/163720:ERROR:process_info.cc(608)] range at 0x9f473f8e00000000, size 0x2a1 fully unreadable
[1028/163720:ERROR:process_info.cc(608)] range at 0x0, size 0x2a1 fully unreadable
[1028/163720:WARNING:in_range_cast.h(38)] value 2893185225700 out of range
[1028/163720:WARNING:in_range_cast.h(38)] value 2893185227272 out of range
[1028/163720:WARNING:in_range_cast.h(38)] value 2893185227612 out of range
[1028/163720:WARNING:in_range_cast.h(38)] value 2893185224222 out of range
[1028/163720:WARNING:in_range_cast.h(38)] value 2893185224442 out of range
[1028/163720:ERROR:process_info.cc(608)] range at 0x82ce3f2800000000, size 0x17b fully unreadable
[1028/163720:ERROR:process_info.cc(608)] range at 0x82ce3f8c00000000, size 0x17b fully unreadable
[1028/163720:ERROR:process_info.cc(608)] range at 0x0, size 0x17b fully unreadable
[1028/163720:WARNING:in_range_cast.h(38)] value 1629987148772 out of range
[1028/163720:WARNING:in_range_cast.h(38)] value 1629987150344 out of range
[1028/163720:WARNING:in_range_cast.h(38)] value 1629987150684 out of range
[1028/163720:WARNING:in_range_cast.h(38)] value 1629987147294 out of range
[1028/163720:WARNING:in_range_cast.h(38)] value 1629987147514 out of range
[1028/163720:ERROR:process_info.cc(608)] range at 0x4a0d3f2600000000, size 0x2d3 fully unreadable
[1028/163720:ERROR:process_info.cc(608)] range at 0x4a0d3f8a00000000, size 0x2d3 fully unreadable
[1028/163720:ERROR:process_info.cc(608)] range at 0x0, size 0x2d3 fully unreadable
[1028/163720:WARNING:in_range_cast.h(38)] value 3106503726052 out of range
[1028/163720:WARNING:in_range_cast.h(38)] value 3106503727624 out of range
[1028/163720:WARNING:in_range_cast.h(38)] value 3106503727964 out of range
[1028/163720:WARNING:in_range_cast.h(38)] value 3106503724574 out of range
[1028/163720:WARNING:in_range_cast.h(38)] value 3106503724794 out of range
[1028/163720:ERROR:scoped_process_suspend.cc(38)] NtResumeProcess: An attempt was made to access an exiting process.  (0xc000010a)
[1028/163720:ERROR:http_transport_win.cc(50)] WinHttpSendRequest: The server name or address could not be resolved  (0x2EE7)
[1028/163720:ERROR:process_reader_win.cc(233)] ReadMemory at 0xeb2a6eb000 of 86016 bytes failed: Only part of a ReadProcessMemory or WriteProcessMemory request was completed. (0x12B)
[1028/163720:ERROR:crash_report_exception_handler.cc(98)] WriteEverything failed
[1028/163720:ERROR:process_reader_win.cc(233)] ReadMemory at 0x1f998e8000 of 98304 bytes failed: Only part of a ReadProcessMemory or WriteProcessMemory request was completed. (0x12B)
[1028/163720:ERROR:crash_report_exception_handler.cc(98)] WriteEverything failed
[1028/163720:ERROR:scoped_process_suspend.cc(38)] NtResumeProcess: An attempt was made to access an exiting process.  (0xc000010a)
[1028/163720:ERROR:scoped_process_suspend.cc(38)] NtResumeProcess: An attempt was made to access an exiting process.  (0xc000010a)
[1028/163721:ERROR:process_reader_win.cc(233)] ReadMemory at 0xed8cefc000 of 81920 bytes failed: Only part of a ReadProcessMemory or WriteProcessMemory request was completed. (0x12B)
[1028/163721:ERROR:crash_report_exception_handler.cc(98)] WriteEverything failed
[1028/163721:ERROR:scoped_process_suspend.cc(38)] NtResumeProcess: An attempt was made to access an exiting process.  (0xc000010a)
